<?xml version="1.0" encoding="UTF-8"?>
<!-- Generated by org.testng.reporters.JUnitReportReporter -->
<testsuite hostname="ravi" name="Radiobutton.buttonradio" tests="1" failures="0" timestamp="11 Apr 2022 11:55:38 GMT" time="2.130" errors="0">
  <testcase name="IDdemo" time="2.130" classname="Radiobutton.buttonradio"/>
</testsuite> <!-- Radiobutton.buttonradio -->
